Base path: 'C:/Program Files/Unity/Hub/Editor/2019.2.0f1/Editor/Data', plugins path 'C:/Program Files/Unity/Hub/Editor/2019.2.0f1/Editor/Data/PlaybackEngines'
Cmd: initializeCompiler
Cmd: compileComputeKernel
  api=4 insize=10756 outsize=1028 ok=1
Cmd: compileComputeKernel
  api=4 insize=9288 outsize=7569 ok=1
Cmd: compileComputeKernel
  api=4 insize=4631 outsize=1831 ok=1
Cmd: compileComputeKernel
  api=4 insize=14003 outsize=15079 ok=1
Cmd: compileComputeKernel
  api=4 insize=3051 outsize=226 ok=1
Cmd: compileComputeKernel
  api=4 insize=28420 outsize=2690 ok=1
Cmd: compileComputeKernel
  api=4 insize=28420 outsize=1416 ok=1
Cmd: compileComputeKernel
  api=4 insize=28420 outsize=1354 ok=1
Cmd: compileComputeKernel
  api=4 insize=28420 outsize=1368 ok=1
Cmd: compileComputeKernel
  api=4 insize=28420 outsize=1344 ok=1
Cmd: compileComputeKernel
  api=4 insize=28420 outsize=1762 ok=1
Cmd: compileComputeKernel
  api=4 insize=28420 outsize=1831 ok=1
Cmd: compileComputeKernel
  api=4 insize=28420 outsize=1831 ok=1
Cmd: compileComputeKernel
  api=4 insize=28420 outsize=1326 ok=1
Cmd: compileComputeKernel
  api=4 insize=28420 outsize=2485 ok=1
Cmd: compileComputeKernel
  api=4 insize=21203 outsize=804 ok=1
Cmd: compileComputeKernel
  api=4 insize=21203 outsize=754 ok=1
Cmd: compileComputeKernel
  api=4 insize=21203 outsize=850 ok=1
Cmd: compileComputeKernel
  api=4 insize=21203 outsize=839 ok=1
Cmd: compileComputeKernel
  api=4 insize=21203 outsize=1162 ok=1
Cmd: compileComputeKernel
  api=4 insize=21203 outsize=1306 ok=1
Cmd: compileComputeKernel
  api=4 insize=21203 outsize=1354 ok=1
Cmd: compileComputeKernel
  api=4 insize=21203 outsize=1345 ok=1
Cmd: compileComputeKernel
  api=4 insize=21203 outsize=1387 ok=1
Cmd: compileComputeKernel
  api=4 insize=21203 outsize=1296 ok=1
Cmd: compileComputeKernel
  api=4 insize=21203 outsize=1273 ok=1
Cmd: compileComputeKernel
  api=4 insize=21203 outsize=1616 ok=1
Cmd: compileSnippet
  api=4 type=1 insize=8313 outsize=502 kw=UNITY_PASS_SHADOWCASTER SHADOWS_DEPTH pd=UNITY_ENABLE_REFLECTION_BUFFERS UNITY_USE_DITHER_MASK_FOR_ALPHABLENDED_SHADOWS UNITY_PBS_USE_BRDF1 UNITY_SPECCUBE_BOX_PROJECTION UNITY_SPECCUBE_BLENDING UNITY_ENABLE_DETAIL_NORMALMAP SHADER_API_DESKTOP UNITY_COLORSPACE_GAMMA UNITY_LIGHT_PROBE_PROXY_VOLUME UNITY_LIGHTMAP_FULL_HDR ok=1
Cmd: compileSnippet
  api=4 type=0 insize=7271 outsize=3066 kw=UNITY_PASS_SHADOWCASTER SHADOWS_DEPTH pd=UNITY_ENABLE_REFLECTION_BUFFERS UNITY_USE_DITHER_MASK_FOR_ALPHABLENDED_SHADOWS UNITY_PBS_USE_BRDF1 UNITY_SPECCUBE_BOX_PROJECTION UNITY_SPECCUBE_BLENDING UNITY_ENABLE_DETAIL_NORMALMAP SHADER_API_DESKTOP UNITY_COLORSPACE_GAMMA UNITY_LIGHT_PROBE_PROXY_VOLUME UNITY_LIGHTMAP_FULL_HDR ok=1
Cmd: compileSnippet
  api=4 type=1 insize=1285 outsize=222 kw= pd=UNITY_ENABLE_REFLECTION_BUFFERS UNITY_USE_DITHER_MASK_FOR_ALPHABLENDED_SHADOWS UNITY_PBS_USE_BRDF1 UNITY_SPECCUBE_BOX_PROJECTION UNITY_SPECCUBE_BLENDING UNITY_ENABLE_DETAIL_NORMALMAP SHADER_API_DESKTOP UNITY_COLORSPACE_GAMMA UNITY_LIGHT_PROBE_PROXY_VOLUME UNITY_LIGHTMAP_FULL_HDR ok=1
Cmd: compileSnippet
  api=4 type=1 insize=1596 outsize=5590 kw=UNITY_PASS_FORWARDBASE DIRECTIONAL pd=UNITY_ENABLE_REFLECTION_BUFFERS UNITY_USE_DITHER_MASK_FOR_ALPHABLENDED_SHADOWS UNITY_PBS_USE_BRDF1 UNITY_SPECCUBE_BOX_PROJECTION UNITY_SPECCUBE_BLENDING UNITY_ENABLE_DETAIL_NORMALMAP SHADER_API_DESKTOP UNITY_COLORSPACE_GAMMA UNITY_LIGHT_PROBE_PROXY_VOLUME UNITY_LIGHTMAP_FULL_HDR ok=1
