Base path: 'C:/Program Files/Unity/Hub/Editor/2019.2.0f1/Editor/Data', plugins path 'C:/Program Files/Unity/Hub/Editor/2019.2.0f1/Editor/Data/PlaybackEngines'
Cmd: initializeCompiler
Cmd: compileComputeKernel
  api=4 insize=10756 outsize=1476 ok=1
Cmd: compileComputeKernel
  api=4 insize=10756 outsize=2934 ok=1
Cmd: compileComputeKernel
  api=4 insize=28420 outsize=2973 ok=1
Cmd: compileComputeKernel
  api=4 insize=28420 outsize=1326 ok=1
Cmd: compileComputeKernel
  api=4 insize=21203 outsize=849 ok=1
Cmd: compileComputeKernel
  api=4 insize=21203 outsize=945 ok=1
Cmd: compileComputeKernel
  api=4 insize=21203 outsize=1286 ok=1
Cmd: compileComputeKernel
  api=4 insize=21203 outsize=1449 ok=1
Cmd: compileComputeKernel
  api=4 insize=21203 outsize=1450 ok=1
Cmd: compileComputeKernel
  api=4 insize=21203 outsize=1233 ok=1
Cmd: compileComputeKernel
  api=4 insize=21203 outsize=1616 ok=1
Cmd: compileSnippet
  api=4 type=0 insize=1596 outsize=1638 kw=UNITY_PASS_FORWARDBASE DIRECTIONAL pd=UNITY_ENABLE_REFLECTION_BUFFERS UNITY_USE_DITHER_MASK_FOR_ALPHABLENDED_SHADOWS UNITY_PBS_USE_BRDF1 UNITY_SPECCUBE_BOX_PROJECTION UNITY_SPECCUBE_BLENDING UNITY_ENABLE_DETAIL_NORMALMAP SHADER_API_DESKTOP UNITY_COLORSPACE_GAMMA UNITY_LIGHT_PROBE_PROXY_VOLUME UNITY_LIGHTMAP_FULL_HDR ok=1
