Base path: 'C:/Program Files/Unity/Hub/Editor/2019.2.0f1/Editor/Data', plugins path 'C:/Program Files/Unity/Hub/Editor/2019.2.0f1/Editor/Data/PlaybackEngines'
Cmd: initializeCompiler
Cmd: compileComputeKernel
  api=4 insize=10756 outsize=1564 ok=1
Cmd: compileComputeKernel
  api=4 insize=9288 outsize=2569 ok=1
Cmd: compileComputeKernel
  api=4 insize=4631 outsize=1831 ok=1
Cmd: compileComputeKernel
  api=4 insize=14003 outsize=4092 ok=1
Cmd: compileComputeKernel
  api=4 insize=28420 outsize=2895 ok=1
Cmd: compileComputeKernel
  api=4 insize=28420 outsize=1574 ok=1
Cmd: compileComputeKernel
  api=4 insize=28420 outsize=1368 ok=1
Cmd: compileComputeKernel
  api=4 insize=28420 outsize=1349 ok=1
Cmd: compileComputeKernel
  api=4 insize=28420 outsize=1831 ok=1
Cmd: compileComputeKernel
  api=4 insize=28420 outsize=2226 ok=1
Cmd: compileComputeKernel
  api=4 insize=21203 outsize=944 ok=1
Cmd: compileComputeKernel
  api=4 insize=21203 outsize=850 ok=1
Cmd: compileComputeKernel
  api=4 insize=21203 outsize=1162 ok=1
Cmd: compileComputeKernel
  api=4 insize=21203 outsize=1426 ok=1
Cmd: compileComputeKernel
  api=4 insize=21203 outsize=1305 ok=1
Cmd: compileComputeKernel
  api=4 insize=21203 outsize=1296 ok=1
Cmd: compileSnippet
  api=4 type=1 insize=1596 outsize=5590 kw=UNITY_PASS_FORWARDBASE DIRECTIONAL pd=UNITY_ENABLE_REFLECTION_BUFFERS UNITY_USE_DITHER_MASK_FOR_ALPHABLENDED_SHADOWS UNITY_PBS_USE_BRDF1 UNITY_SPECCUBE_BOX_PROJECTION UNITY_SPECCUBE_BLENDING UNITY_ENABLE_DETAIL_NORMALMAP SHADER_API_DESKTOP UNITY_COLORSPACE_GAMMA UNITY_LIGHT_PROBE_PROXY_VOLUME UNITY_LIGHTMAP_FULL_HDR ok=1
